[    17.088] 
X.Org X Server 1.20.5
X Protocol Version 11, Revision 0
[    17.088] Build Operating System: NetBSD/amd64 9.3 - The NetBSD Foundation, Inc.
[    17.088] Current Operating System: NetBSD neutron.hsd1.ma.comcast.net 9.3 NetBSD 9.3 (GENERIC) #0: Thu Aug  4 15:30:37 UTC 2022  mkrepro@mkrepro.NetBSD.org:/usr/src/sys/arch/amd64/compile/GENERIC amd64
[    17.089] Build Date: 03 March 2019  07:11:23AM
[    17.089]  
[    17.113] Current version of pixman: 0.38.4
[    17.114] 	Before reporting problems, check http://wiki.x.org
	to make sure that you have the latest version.
[    17.114] Markers: (--) probed, (**) from config file, (==) default setting,
	(++) from command line, (!!) notice, (II) informational,
	(WW) warning, (EE) error, (NI) not implemented, (??) unknown.
[    17.114] (==) Log file: "/var/log/Xorg.0.log", Time: Mon Mar 13 12:50:30 2023
[    17.168] (==) Using config file: "/etc/X11/xorg.conf"
[    17.239] (==) No Layout section.  Using the first Screen section.
[    17.239] (==) No screen section available. Using defaults.
[    17.239] (**) |-->Screen "Default Screen Section" (0)
[    17.239] (**) |   |-->Monitor "<default monitor>"
[    17.288] (==) No monitor specified for screen "Default Screen Section".
	Using a default monitor configuration.
[    17.288] (==) Not automatically adding devices
[    17.288] (==) Not automatically enabling devices
[    17.288] (==) Not automatically adding GPU devices
[    17.288] (==) Max clients allowed: 256, resource mask: 0x1fffff
[    17.316] (WW) `fonts.dir' not found (or not valid) in "/usr/pkg/share/fonts/urw/".
[    17.316] 	Entry deleted from font path.
[    17.316] 	(Run 'mkfontdir' on "/usr/pkg/share/fonts/urw/").
[    17.316] (**) FontPath set to:
	/usr/X11R7/lib/X11/fonts/100dpi/,
	/usr/X11R7/lib/X11/fonts/75dpi/,
	/usr/X11R7/lib/X11/fonts/TTF/,
	/usr/X11R7/lib/X11/fonts/Type1/,
	/usr/X11R7/lib/X11/fonts/misc/,
	/usr/pkg/share/fonts/X11/TTF/,
	/usr/pkg/share/fonts/X11/misc/,
	/usr/pkg/share/fonts/jmc/,
	/usr/X11R7/lib/X11/fonts/misc/,
	/usr/X11R7/lib/X11/fonts/TTF/,
	/usr/X11R7/lib/X11/fonts/Type1/,
	/usr/X11R7/lib/X11/fonts/75dpi/,
	/usr/X11R7/lib/X11/fonts/100dpi/
[    17.316] (**) ModulePath set to "/usr/X11R7/lib/modules"
[    17.498] (==) |-->Input Device "Mouse0"
[    17.498] (==) |-->Input Device "<default keyboard>"
[    17.498] (==) No Layout section. Using the first mouse device.
[    17.498] (==) No Layout section. Using the default keyboard configuration.
[    17.575] (II) Loader magic: 0x6468fa60
[    17.575] (II) Module ABI versions:
[    17.575] 	X.Org ANSI C Emulation: 0.4
[    17.575] 	X.Org Video Driver: 24.0
[    17.575] 	X.Org XInput driver : 24.1
[    17.575] 	X.Org Server Extension : 10.0
[    17.614] (--) PCI:*(0@0:2:0) 8086:0126:17aa:21ce rev 9, Mem @ 0xf0000000/4194304, 0xe0000000/268435456, I/O @ 0x00004000/64
[    17.615] (II) LoadModule: "glx"
[    17.645] (II) Loading /usr/X11R7/lib/modules/extensions/libglx.so
[    17.672] (II) Module glx: vendor="X.Org Foundation"
[    17.672] 	compiled for 1.20.5, module version = 1.0.0
[    17.673] 	ABI class: X.Org Server Extension, version 10.0
[    17.730] (==) Matched intel as autoconfigured driver 0
[    17.731] (==) Matched modesetting as autoconfigured driver 1
[    17.731] (==) Matched vesa as autoconfigured driver 2
[    17.731] (==) Matched wsfb as autoconfigured driver 3
[    17.731] (==) Assigned the driver to the xf86ConfigLayout
[    17.731] (II) LoadModule: "intel"
[    17.731] (II) Loading /usr/X11R7/lib/modules/drivers/intel_drv.so
[    17.791] (II) Module intel: vendor="X.Org Foundation"
[    17.791] 	compiled for 1.20.5, module version = 2.99.917
[    17.791] 	Module class: X.Org Video Driver
[    17.791] 	ABI class: X.Org Video Driver, version 24.0
[    17.792] (II) LoadModule: "modesetting"
[    17.793] (II) Loading /usr/X11R7/lib/modules/drivers/modesetting_drv.so
[    17.805] (II) Module modesetting: vendor="X.Org Foundation"
[    17.805] 	compiled for 1.20.5, module version = 1.20.5
[    17.805] 	Module class: X.Org Video Driver
[    17.805] 	ABI class: X.Org Video Driver, version 24.0
[    17.805] (II) LoadModule: "vesa"
[    17.806] (II) Loading /usr/X11R7/lib/modules/drivers/vesa_drv.so
[    17.832] (II) Module vesa: vendor="X.Org Foundation"
[    17.832] 	compiled for 1.20.5, module version = 2.4.0
[    17.832] 	Module class: X.Org Video Driver
[    17.832] 	ABI class: X.Org Video Driver, version 24.0
[    17.832] (II) LoadModule: "wsfb"
[    17.833] (II) Loading /usr/X11R7/lib/modules/drivers/wsfb_drv.so
[    17.834] (II) Module wsfb: vendor="X.Org Foundation"
[    17.834] 	compiled for 1.20.5, module version = 0.4.0
[    17.834] 	ABI class: X.Org Video Driver, version 24.0
[    17.834] (II) LoadModule: "mouse"
[    17.835] (II) Loading /usr/X11R7/lib/modules/drivers/mouse_drv.so
[    17.894] (II) Module mouse: vendor="X.Org Foundation"
[    17.894] 	compiled for 1.20.5, module version = 1.9.2
[    17.894] 	Module class: X.Org XInput Driver
[    17.894] 	ABI class: X.Org XInput driver, version 24.1
[    17.894] (II) LoadModule: "kbd"
[    17.895] (II) Loading /usr/X11R7/lib/modules/drivers/kbd_drv.so
[    17.900] (II) Module kbd: vendor="X.Org Foundation"
[    17.900] 	compiled for 1.20.5, module version = 1.9.0
[    17.900] 	Module class: X.Org XInput Driver
[    17.900] 	ABI class: X.Org XInput driver, version 24.1
[    17.900] (II) intel: Driver for Intel(R) Integrated Graphics Chipsets:
	i810, i810-dc100, i810e, i815, i830M, 845G, 854, 852GM/855GM, 865G,
	915G, E7221 (i915), 915GM, 945G, 945GM, 945GME, Pineview GM,
	Pineview G, 965G, G35, 965Q, 946GZ, 965GM, 965GME/GLE, G33, Q35, Q33,
	GM45, 4 Series, G45/G43, Q45/Q43, G41, B43
[    17.909] (II) intel: Driver for Intel(R) HD Graphics
[    17.909] (II) intel: Driver for Intel(R) Iris(TM) Graphics
[    17.909] (II) intel: Driver for Intel(R) Iris(TM) Pro Graphics
[    17.909] (II) modesetting: Driver for Modesetting Kernel Drivers: kms
[    17.909] (II) VESA: driver for VESA chipsets: vesa
[    17.909] (II) wsfb: driver for wsdisplay framebuffer: wsfb
[    17.909] (--) Using wscons driver on /dev/ttyE4 in pcvt compatibility mode (version 3.32)
[    17.910] (--) using VT number 5
[    17.956] (II) intel(0): Using Kernel Mode Setting driver: i915, version 1.6.0 20151010
[    17.960] (WW) Falling back to old probe method for modesetting
[    17.960] (WW) Falling back to old probe method for wsfb
[    17.961] (WW) VGA arbiter: cannot open kernel arbiter, no multi-card support
[    17.961] (--) intel(0): Integrated Graphics Chipset: Intel(R) HD Graphics 3000
[    17.961] (--) intel(0): CPU: x86-64, sse2, sse3, ssse3, sse4.1, sse4.2, avx; using a maximum of 2 threads
[    17.961] (II) intel(0): Creating default Display subsection in Screen section
	"Default Screen Section" for depth/fbbpp 24/32
[    17.961] (==) intel(0): Depth 24, (--) framebuffer bpp 32
[    17.961] (==) intel(0): RGB weight 888
[    17.961] (==) intel(0): Default visual is TrueColor
[    17.998] (II) intel(0): Output LVDS1 using monitor section LVDS1
[    17.998] (**) intel(0): Option "PreferredMode" "1368x768"
[    17.998] (II) intel(0): Enabled output LVDS1
[    17.998] (II) intel(0): Output VGA1 using monitor section VGA1
[    17.998] (**) intel(0): Option "PreferredMode" "1920x1080"
[    17.998] (II) intel(0): Enabled output VGA1
[    17.998] (II) intel(0): Output HDMI1 has no monitor section
[    17.998] (II) intel(0): Enabled output HDMI1
[    17.998] (II) intel(0): Output DP1 has no monitor section
[    17.998] (II) intel(0): Enabled output DP1
[    17.999] (II) intel(0): Output HDMI2 has no monitor section
[    17.999] (II) intel(0): Enabled output HDMI2
[    17.999] (II) intel(0): Output HDMI3 has no monitor section
[    17.999] (II) intel(0): Enabled output HDMI3
[    17.999] (II) intel(0): Output DP2 has no monitor section
[    17.999] (II) intel(0): Enabled output DP2
[    17.999] (II) intel(0): Output DP3 has no monitor section
[    17.999] (II) intel(0): Enabled output DP3
[    17.999] (--) intel(0): Using a maximum size of 256x256 for hardware cursors
[    17.999] (II) intel(0): Output VIRTUAL1 has no monitor section
[    17.999] (II) intel(0): Enabled output VIRTUAL1
[    17.999] (II) intel(0): EDID for output LVDS1
[    17.999] (II) intel(0): Manufacturer: AUO  Model: 213e  Serial#: 0
[    17.999] (II) intel(0): Year: 2010  Week: 33
[    17.999] (II) intel(0): EDID Version: 1.4
[    18.000] (II) intel(0): Digital Display Input
[    18.000] (II) intel(0): 6 bits per channel
[    18.000] (II) intel(0): Digital interface is undefined
[    18.000] (II) intel(0): Max Image Size [cm]: horiz.: 31  vert.: 17
[    18.000] (II) intel(0): Gamma: 2.20
[    18.000] (II) intel(0): No DPMS capabilities specified
[    18.000] (II) intel(0): Supported color encodings: RGB 4:4:4 
[    18.000] (II) intel(0): First detailed timing is preferred mode
[    18.000] (II) intel(0): Preferred mode is native pixel format and refresh rate
[    18.000] (II) intel(0): redX: 0.610 redY: 0.350   greenX: 0.320 greenY: 0.560
[    18.000] (II) intel(0): blueX: 0.150 blueY: 0.130   whiteX: 0.313 whiteY: 0.329
[    18.000] (II) intel(0): Manufacturer's mask: 0
[    18.000] (II) intel(0): Supported detailed timing:
[    18.000] (II) intel(0): clock: 110.0 MHz   Image Size:  309 x 174 mm
[    18.000] (II) intel(0): h_active: 1600  h_sync: 1664  h_sync_end 1706 h_blank_end 2010 h_border: 0
[    18.000] (II) intel(0): v_active: 900  v_sync: 903  v_sync_end 906 v_blanking: 912 v_border: 0
[    18.000] (II) intel(0): Supported detailed timing:
[    18.000] (II) intel(0): clock: 73.3 MHz   Image Size:  309 x 174 mm
[    18.000] (II) intel(0): h_active: 1600  h_sync: 1664  h_sync_end 1706 h_blank_end 2010 h_border: 0
[    18.000] (II) intel(0): v_active: 900  v_sync: 903  v_sync_end 906 v_blanking: 912 v_border: 0
[    18.000] (II) intel(0):  AUO
[    18.000] (II) intel(0):  B140RW02 V1
[    18.000] (II) intel(0): EDID (in hex):
[    18.000] (II) intel(0): 	00ffffffffffff0006af3e2100000000
[    18.000] (II) intel(0): 	21140104901f11780261959c59528f26
[    18.000] (II) intel(0): 	21505400000001010101010101010101
[    18.000] (II) intel(0): 	010101010101f82a409a61840c30402a
[    18.000] (II) intel(0): 	330035ae10000018a51c409a61840c30
[    18.000] (II) intel(0): 	402a330035ae10000018000000fe0041
[    18.000] (II) intel(0): 	554f0a202020202020202020000000fe
[    18.000] (II) intel(0): 	004231343052573032205631200a00d0
[    18.000] (II) intel(0): EDID vendor "AUO", prod id 8510
[    18.000] (II) intel(0): Printing DDC gathered Modelines:
[    18.000] (II) intel(0): Modeline "1600x900"x0.0  110.00  1600 1664 1706 2010  900 903 906 912 -hsync -vsync (54.7 kHz eP)
[    18.000] (II) intel(0): Modeline "1600x900"x0.0   73.33  1600 1664 1706 2010  900 903 906 912 -hsync -vsync (36.5 kHz e)
[    18.001] (II) intel(0): Not using default mode "320x240" (doublescan mode not supported)
[    18.001] (II) intel(0): Not using default mode "400x300" (doublescan mode not supported)
[    18.001] (II) intel(0): Not using default mode "400x300" (doublescan mode not supported)
[    18.001] (II) intel(0): Not using default mode "512x384" (doublescan mode not supported)
[    18.001] (II) intel(0): Not using default mode "640x480" (doublescan mode not supported)
[    18.001] (II) intel(0): Not using default mode "640x512" (doublescan mode not supported)
[    18.001] (II) intel(0): Not using default mode "800x600" (doublescan mode not supported)
[    18.001] (II) intel(0): Not using default mode "896x672" (doublescan mode not supported)
[    18.001] (II) intel(0): Not using default mode "928x696" (doublescan mode not supported)
[    18.001] (II) intel(0): Not using default mode "700x525" (doublescan mode not supported)
[    18.001] (II) intel(0): Not using default mode "320x180" (doublescan mode not supported)
[    18.001] (II) intel(0): Not using default mode "320x180" (doublescan mode not supported)
[    18.001] (II) intel(0): Not using default mode "360x202" (doublescan mode not supported)
[    18.001] (II) intel(0): Not using default mode "360x202" (doublescan mode not supported)
[    18.001] (II) intel(0): Not using default mode "432x243" (doublescan mode not supported)
[    18.001] (II) intel(0): Not using default mode "432x243" (doublescan mode not supported)
[    18.001] (II) intel(0): Not using default mode "480x270" (doublescan mode not supported)
[    18.001] (II) intel(0): Not using default mode "480x270" (doublescan mode not supported)
[    18.001] (II) intel(0): Not using default mode "512x288" (doublescan mode not supported)
[    18.001] (II) intel(0): Not using default mode "512x288" (doublescan mode not supported)
[    18.001] (II) intel(0): Not using default mode "640x360" (doublescan mode not supported)
[    18.001] (II) intel(0): Not using default mode "640x360" (doublescan mode not supported)
[    18.001] (II) intel(0): Not using default mode "684x384" (doublescan mode not supported)
[    18.001] (II) intel(0): Not using default mode "684x384" (doublescan mode not supported)
[    18.001] (II) intel(0): Not using default mode "800x450" (doublescan mode not supported)
[    18.001] (II) intel(0): Not using default mode "800x450" (doublescan mode not supported)
[    18.001] (II) intel(0): Not using default mode "960x540" (doublescan mode not supported)
[    18.001] (II) intel(0): Not using default mode "960x540" (doublescan mode not supported)
[    18.001] (II) intel(0): Not using default mode "1024x576" (doublescan mode not supported)
[    18.001] (II) intel(0): Not using default mode "1024x576" (doublescan mode not supported)
[    18.001] (II) intel(0): Not using default mode "640x400" (doublescan mode not supported)
[    18.001] (II) intel(0): Not using default mode "640x400" (doublescan mode not supported)
[    18.001] (II) intel(0): Not using default mode "700x450" (doublescan mode not supported)
[    18.001] (II) intel(0): Not using default mode "700x450" (doublescan mode not supported)
[    18.002] (II) intel(0): Not using default mode "840x525" (doublescan mode not supported)
[    18.002] (II) intel(0): Not using default mode "840x525" (doublescan mode not supported)
[    18.002] (II) intel(0): Not using default mode "960x600" (doublescan mode not supported)
[    18.002] (II) intel(0): Not using default mode "960x600" (doublescan mode not supported)
[    18.002] (II) intel(0): Printing probed modes for output LVDS1
[    18.002] (II) intel(0): Modeline "1368x768"x60.0   85.86  1368 1440 1584 1800  768 769 772 795 -hsync +vsync (47.7 kHz UP)
[    18.002] (II) intel(0): Modeline "1600x900"x60.0  110.00  1600 1664 1706 2010  900 903 906 912 -hsync -vsync (54.7 kHz eP)
[    18.002] (II) intel(0): Modeline "1600x900"x59.8   97.50  1600 1648 1680 1760  900 903 908 926 +hsync -vsync (55.4 kHz d)
[    18.002] (II) intel(0): Modeline "1600x900"x40.0   73.33  1600 1664 1706 2010  900 903 906 912 -hsync -vsync (36.5 kHz e)
[    18.002] (II) intel(0): Modeline "1400x900"x60.0  103.50  1400 1480 1624 1848  900 903 913 934 -hsync +vsync (56.0 kHz d)
[    18.002] (II) intel(0): Modeline "1400x900"x59.9   86.50  1400 1448 1480 1560  900 903 913 926 +hsync -vsync (55.4 kHz d)
[    18.002] (II) intel(0): Modeline "1368x768"x59.9   85.25  1368 1440 1576 1784  768 771 781 798 -hsync +vsync (47.8 kHz d)
[    18.002] (II) intel(0): Modeline "1368x768"x59.9   72.25  1368 1416 1448 1528  768 771 781 790 +hsync -vsync (47.3 kHz d)
[    18.002] (II) intel(0): Modeline "1280x800"x59.8   83.50  1280 1352 1480 1680  800 803 809 831 -hsync +vsync (49.7 kHz d)
[    18.002] (II) intel(0): Modeline "1280x800"x59.9   71.00  1280 1328 1360 1440  800 803 809 823 +hsync -vsync (49.3 kHz d)
[    18.002] (II) intel(0): Modeline "1280x720"x59.9   74.50  1280 1344 1472 1664  720 723 728 748 -hsync +vsync (44.8 kHz d)
[    18.002] (II) intel(0): Modeline "1280x720"x60.0   74.48  1280 1336 1472 1664  720 721 724 746 -hsync +vsync (44.8 kHz)
[    18.002] (II) intel(0): Modeline "1280x720"x59.7   63.75  1280 1328 1360 1440  720 723 728 741 +hsync -vsync (44.3 kHz d)
[    18.002] (II) intel(0): Modeline "1024x768"x60.0   65.00  1024 1048 1184 1344  768 771 777 806 -hsync -vsync (48.4 kHz d)
[    18.002] (II) intel(0): Modeline "1024x576"x60.0   46.99  1024 1064 1168 1312  576 577 580 597 -hsync +vsync (35.8 kHz)
[    18.002] (II) intel(0): Modeline "1024x576"x59.9   46.50  1024 1064 1160 1296  576 579 584 599 -hsync +vsync (35.9 kHz d)
[    18.002] (II) intel(0): Modeline "1024x576"x59.8   42.00  1024 1072 1104 1184  576 579 584 593 +hsync -vsync (35.5 kHz d)
[    18.002] (II) intel(0): Modeline "960x540"x60.0   40.78  960 992 1088 1216  540 541 544 559 -hsync +vsync (33.5 kHz)
[    18.002] (II) intel(0): Modeline "960x540"x59.6   40.75  960 992 1088 1216  540 543 548 562 -hsync +vsync (33.5 kHz d)
[    18.002] (II) intel(0): Modeline "960x540"x59.8   37.25  960 1008 1040 1120  540 543 548 556 +hsync -vsync (33.3 kHz d)
[    18.002] (II) intel(0): Modeline "800x600"x60.3   40.00  800 840 968 1056  600 601 605 628 +hsync +vsync (37.9 kHz d)
[    18.002] (II) intel(0): Modeline "800x600"x56.2   36.00  800 824 896 1024  600 601 603 625 +hsync +vsync (35.2 kHz d)
[    18.002] (II) intel(0): Modeline "864x486"x60.0   32.90  864 888 976 1088  486 487 490 504 -hsync +vsync (30.2 kHz)
[    18.002] (II) intel(0): Modeline "864x486"x59.9   32.50  864 888 968 1072  486 489 494 506 -hsync +vsync (30.3 kHz d)
[    18.002] (II) intel(0): Modeline "864x486"x59.6   30.50  864 912 944 1024  486 489 494 500 +hsync -vsync (29.8 kHz d)
[    18.002] (II) intel(0): Modeline "800x450"x60.0   27.74  800 816 896 992  450 451 454 466 -hsync +vsync (28.0 kHz)
[    18.002] (II) intel(0): Modeline "640x480"x59.9   25.18  640 656 752 800  480 490 492 525 -hsync -vsync (31.5 kHz d)
[    18.002] (II) intel(0): Modeline "720x405"x59.5   22.50  720 744 808 896  405 408 413 422 -hsync +vsync (25.1 kHz d)
[    18.002] (II) intel(0): Modeline "720x405"x60.0   22.18  720 728 800 880  405 406 409 420 -hsync +vsync (25.2 kHz)
[    18.002] (II) intel(0): Modeline "720x405"x59.0   21.75  720 768 800 880  405 408 413 419 +hsync -vsync (24.7 kHz d)
[    18.002] (II) intel(0): Modeline "640x360"x59.8   18.00  640 664 720 800  360 363 368 376 -hsync +vsync (22.5 kHz d)
[    18.002] (II) intel(0): Modeline "640x360"x59.3   17.75  640 688 720 800  360 363 368 374 +hsync -vsync (22.2 kHz d)
[    18.002] (II) intel(0): Modeline "640x360"x60.0   17.19  640 640 704 768  360 361 364 373 -hsync +vsync (22.4 kHz)
[    18.002] (II) intel(0): EDID for output DP1
[    18.002] (II) intel(0): EDID for output DP2
[    18.002] (II) intel(0): EDID for output DP3
[    18.065] (II) intel(0): EDID for output HDMI1
[    18.066] (II) intel(0): EDID for output HDMI2
[    18.066] (II) intel(0): EDID for output HDMI3
[    18.079] (II) intel(0): EDID for output VGA1
[    18.079] (II) intel(0): Manufacturer: ACR  Model: 480  Serial#: 1938840980
[    18.079] (II) intel(0): Year: 2017  Week: 39
[    18.079] (II) intel(0): EDID Version: 1.3
[    18.079] (II) intel(0): Analog Display Input,  Input Voltage Level: 0.700/0.700 V
[    18.079] (II) intel(0): Sync:  Separate
[    18.079] (II) intel(0): Max Image Size [cm]: horiz.: 60  vert.: 34
[    18.079] (II) intel(0): Gamma: 2.20
[    18.079] (II) intel(0): DPMS capabilities: StandBy Suspend; RGB/Color Display
[    18.079] (II) intel(0): First detailed timing is preferred mode
[    18.080] (II) intel(0): redX: 0.645 redY: 0.329   greenX: 0.314 greenY: 0.619
[    18.080] (II) intel(0): blueX: 0.153 blueY: 0.063   whiteX: 0.312 whiteY: 0.328
[    18.080] (II) intel(0): Supported established timings:
[    18.080] (II) intel(0): 720x400@70Hz
[    18.080] (II) intel(0): 640x480@60Hz
[    18.080] (II) intel(0): 640x480@67Hz
[    18.080] (II) intel(0): 640x480@72Hz
[    18.080] (II) intel(0): 640x480@75Hz
[    18.080] (II) intel(0): 800x600@56Hz
[    18.080] (II) intel(0): 800x600@60Hz
[    18.080] (II) intel(0): 800x600@72Hz
[    18.080] (II) intel(0): 800x600@75Hz
[    18.080] (II) intel(0): 832x624@75Hz
[    18.080] (II) intel(0): 1024x768@60Hz
[    18.080] (II) intel(0): 1024x768@70Hz
[    18.080] (II) intel(0): 1024x768@75Hz
[    18.080] (II) intel(0): 1280x1024@75Hz
[    18.080] (II) intel(0): 1152x864@75Hz
[    18.080] (II) intel(0): Manufacturer's mask: 0
[    18.080] (II) intel(0): Supported standard timings:
[    18.080] (II) intel(0): #0: hsize: 1152  vsize 864  refresh: 75  vid: 20337
[    18.080] (II) intel(0): #1: hsize: 1280  vsize 960  refresh: 60  vid: 16513
[    18.080] (II) intel(0): #2: hsize: 1280  vsize 1024  refresh: 60  vid: 32897
[    18.080] (II) intel(0): #3: hsize: 1280  vsize 720  refresh: 60  vid: 49281
[    18.080] (II) intel(0): #4: hsize: 1280  vsize 800  refresh: 60  vid: 129
[    18.080] (II) intel(0): #5: hsize: 1440  vsize 900  refresh: 60  vid: 149
[    18.080] (II) intel(0): #6: hsize: 1680  vsize 1050  refresh: 60  vid: 179
[    18.080] (II) intel(0): #7: hsize: 1920  vsize 1080  refresh: 60  vid: 49361
[    18.080] (II) intel(0): Supported detailed timing:
[    18.080] (II) intel(0): clock: 148.5 MHz   Image Size:  598 x 336 mm
[    18.080] (II) intel(0): h_active: 1920  h_sync: 2008  h_sync_end 2052 h_blank_end 2200 h_border: 0
[    18.080] (II) intel(0): v_active: 1080  v_sync: 1084  v_sync_end 1089 v_blanking: 1125 v_border: 0
[    18.080] (II) intel(0): Ranges: V min: 56 V max: 76 Hz, H min: 31 H max: 83 kHz, PixClock max 175 MHz
[    18.080] (II) intel(0): Monitor name: V276HL
[    18.080] (II) intel(0): Serial No: T4JAA0028561
[    18.080] (II) intel(0): EDID (in hex):
[    18.080] (II) intel(0): 	00ffffffffffff0004728004945d9073
[    18.080] (II) intel(0): 	271b0103683c2278ca1a50a554509e27
[    18.080] (II) intel(0): 	105054bfef80714f8140818081c08100
[    18.080] (II) intel(0): 	9500b300d1c0023a801871382d40582c
[    18.080] (II) intel(0): 	450056502100001e000000fd00384c1f
[    18.080] (II) intel(0): 	5311000a202020202020000000fc0056
[    18.080] (II) intel(0): 	323736484c0a202020202020000000ff
[    18.080] (II) intel(0): 	0054344a4141303032383536310a00db
[    18.080] (II) intel(0): Printing probed modes for output VGA1
[    18.080] (II) intel(0): Modeline "1920x1080"x60.0  148.50  1920 2008 2052 2200  1080 1084 1089 1125 +hsync +vsync (67.5 kHz UeP)
[    18.080] (II) intel(0): Modeline "1680x1050"x60.0  146.25  1680 1784 1960 2240  1050 1053 1059 1089 -hsync +vsync (65.3 kHz e)
[    18.080] (II) intel(0): Modeline "1280x1024"x75.0  135.00  1280 1296 1440 1688  1024 1025 1028 1066 +hsync +vsync (80.0 kHz e)
[    18.080] (II) intel(0): Modeline "1280x1024"x60.0  108.00  1280 1328 1440 1688  1024 1025 1028 1066 +hsync +vsync (64.0 kHz e)
[    18.080] (II) intel(0): Modeline "1440x900"x60.0  106.50  1440 1520 1672 1904  900 903 909 934 -hsync +vsync (55.9 kHz e)
[    18.080] (II) intel(0): Modeline "1280x960"x60.0  108.00  1280 1376 1488 1800  960 961 964 1000 +hsync +vsync (60.0 kHz e)
[    18.080] (II) intel(0): Modeline "1280x800"x60.0   83.50  1280 1352 1480 1680  800 803 809 831 -hsync +vsync (49.7 kHz e)
[    18.080] (II) intel(0): Modeline "1152x864"x75.0  108.00  1152 1216 1344 1600  864 865 868 900 +hsync +vsync (67.5 kHz e)
[    18.080] (II) intel(0): Modeline "1280x720"x60.0   74.25  1280 1390 1430 1650  720 725 730 750 +hsync +vsync (45.0 kHz e)
[    18.081] (II) intel(0): Modeline "1024x768"x75.0   78.80  1024 1040 1136 1312  768 769 772 800 +hsync +vsync (60.1 kHz e)
[    18.081] (II) intel(0): Modeline "1024x768"x70.0   75.00  1024 1048 1184 1328  768 771 777 806 -hsync -vsync (56.5 kHz e)
[    18.081] (II) intel(0): Modeline "1024x768"x60.0   65.00  1024 1048 1184 1344  768 771 777 806 -hsync -vsync (48.4 kHz e)
[    18.081] (II) intel(0): Modeline "832x624"x75.0   57.28  832 864 928 1152  624 625 628 667 -hsync -vsync (49.7 kHz e)
[    18.081] (II) intel(0): Modeline "800x600"x72.0   50.00  800 856 976 1040  600 637 643 666 +hsync +vsync (48.1 kHz e)
[    18.081] (II) intel(0): Modeline "800x600"x75.0   49.50  800 816 896 1056  600 601 604 625 +hsync +vsync (46.9 kHz e)
[    18.081] (II) intel(0): Modeline "800x600"x60.0   40.00  800 840 968 1056  600 601 605 628 +hsync +vsync (37.9 kHz e)
[    18.081] (II) intel(0): Modeline "800x600"x56.0   36.00  800 824 896 1024  600 601 603 625 +hsync +vsync (35.2 kHz e)
[    18.081] (II) intel(0): Modeline "640x480"x75.0   31.50  640 656 720 840  480 481 484 500 -hsync -vsync (37.5 kHz e)
[    18.081] (II) intel(0): Modeline "640x480"x73.0   31.50  640 664 704 832  480 489 491 520 -hsync -vsync (37.9 kHz e)
[    18.081] (II) intel(0): Modeline "640x480"x67.0   30.24  640 704 768 864  480 483 486 525 -hsync -vsync (35.0 kHz e)
[    18.081] (II) intel(0): Modeline "640x480"x60.0   25.20  640 656 752 800  480 490 492 525 -hsync -vsync (31.5 kHz e)
[    18.081] (II) intel(0): Modeline "720x400"x70.0   28.32  720 738 846 900  400 412 414 449 -hsync +vsync (31.5 kHz e)
[    18.081] (II) intel(0): EDID for output VIRTUAL1
[    18.081] (II) intel(0): Output LVDS1 connected
[    18.081] (II) intel(0): Output DP1 disconnected
[    18.081] (II) intel(0): Output DP2 disconnected
[    18.081] (II) intel(0): Output DP3 disconnected
[    18.081] (II) intel(0): Output HDMI1 disconnected
[    18.081] (II) intel(0): Output HDMI2 disconnected
[    18.081] (II) intel(0): Output HDMI3 disconnected
[    18.081] (II) intel(0): Output VGA1 connected
[    18.081] (II) intel(0): Output VIRTUAL1 disconnected
[    18.081] (II) intel(0): Using user preference for initial modes
[    18.081] (II) intel(0): Output LVDS1 using initial mode 1368x768 +0+0
[    18.081] (II) intel(0): Output VGA1 using initial mode 1920x1080 +0+0
[    18.081] (==) intel(0): TearFree enabled
[    18.081] (==) intel(0): Using gamma correction (1.0, 1.0, 1.0)
[    18.081] (**) intel(0): Display dimensions: (310, 170) mm
[    18.081] (**) intel(0): DPI set to (157, 161)
[    18.081] (II) Loading sub module "dri2"
[    18.081] (II) LoadModule: "dri2"
[    18.081] (II) Module "dri2" already built-in
[    18.081] (II) UnloadModule: "modesetting"
[    18.081] (II) Unloading modesetting
[    18.081] (II) UnloadModule: "vesa"
[    18.081] (II) Unloading vesa
[    18.082] (II) UnloadModule: "wsfb"
[    18.082] (II) Unloading wsfb
[    18.098] (II) intel(0): SNA initialized with Sandybridge (gen6, gt2) backend
[    18.099] (==) intel(0): Backing store enabled
[    18.099] (==) intel(0): Silken mouse enabled
[    18.099] (II) intel(0): HW Cursor enabled
[    18.127] (==) intel(0): DPMS enabled
[    18.128] (II) intel(0): [DRI2] Setup complete
[    18.128] (II) intel(0): [DRI2]   DRI driver: i965
[    18.128] (II) intel(0): [DRI2]   VDPAU driver: va_gl
[    18.128] (II) intel(0): direct rendering: DRI2 enabled
[    18.128] (II) Initializing extension Generic Event Extension
[    18.129] (II) Initializing extension SHAPE
[    18.129] (II) Initializing extension MIT-SHM
[    18.130] (II) Initializing extension XInputExtension
[    18.130] (II) Initializing extension XTEST
[    18.131] (II) Initializing extension BIG-REQUESTS
[    18.131] (II) Initializing extension SYNC
[    18.132] (II) Initializing extension XKEYBOARD
[    18.133] (II) Initializing extension XC-MISC
[    18.133] (II) Initializing extension SECURITY
[    18.134] (II) Initializing extension XFIXES
[    18.134] (II) Initializing extension XFree86-Bigfont
[    18.135] (II) Initializing extension RENDER
[    18.136] (II) Initializing extension RANDR
[    18.137] (II) Initializing extension COMPOSITE
[    18.138] (II) Initializing extension DAMAGE
[    18.138] (II) Initializing extension MIT-SCREEN-SAVER
[    18.139] (II) Initializing extension DOUBLE-BUFFER
[    18.161] (II) Initializing extension RECORD
[    18.162] (II) Initializing extension DPMS
[    18.163] (II) Initializing extension Present
[    18.164] (II) Initializing extension X-Resource
[    18.165] (II) Initializing extension XVideo
[    18.166] (II) Initializing extension XVideo-MotionCompensation
[    18.166] (II) Initializing extension GLX
[    18.573] (II) AIGLX: Loaded and initialized i965
[    18.573] (II) GLX: Initialized DRI2 GL provider for screen 0
[    18.573] (II) Initializing extension XFree86-VidModeExtension
[    18.574] (II) Initializing extension XFree86-DGA
[    18.575] (II) Initializing extension XFree86-DRI
[    18.575] (II) Initializing extension DRI2
[    18.629] (II) intel(0): switch to mode 1368x768@60.0 on LVDS1 using pipe 0, position (0, 0), rotation normal, reflection none
[    18.629] (II) intel(0): switch to mode 1920x1080@60.0 on VGA1 using pipe 1, position (0, 0), rotation normal, reflection none
[    18.629] (II) intel(0): Setting screen physical size to 508 x 285
[    21.006] (II) Using input driver 'mouse' for 'Mouse0'
[    21.006] (**) Option "CorePointer" "on"
[    21.006] (**) Mouse0: always reports core events
[    21.038] (**) Option "Protocol" "wsmouse"
[    21.038] (**) Option "Device" "/dev/wsmouse"
[    21.038] (**) Mouse0: auto calibration enabled
[    21.038] (**) Mouse0: associated screen: 0
[    21.038] (**) Mouse0: Protocol: "wsmouse"
[    21.038] (**) Mouse0: always reports core events
[    21.100] (==) Mouse0: Emulate3Buttons, Emulate3Timeout: 50
[    21.100] (**) Option "ZAxisMapping" "4 5 6 7"
[    21.100] (**) Mouse0: ZAxisMapping: buttons 4, 5, 6 and 7
[    21.100] (**) Option "EmulateWheel" "true"
[    21.100] (**) Option "EmulateWheelButton" "2"
[    21.100] (**) Option "XAxisMapping" "6 7"
[    21.100] (**) Mouse0: XAxisMapping: buttons 6 and 7
[    21.100] (**) Option "YAxisMapping" "4 5"
[    21.100] (**) Mouse0: YAxisMapping: buttons 4 and 5
[    21.100] (**) Mouse0: EmulateWheel, EmulateWheelButton: 2, EmulateWheelInertia: 10, EmulateWheelTimeout: 200
[    21.100] (**) Mouse0: Buttons: 11
[    21.100] (II) XINPUT: Adding extended input device "Mouse0" (type: MOUSE, id 6)
[    21.100] (**) Mouse0: (accel) keeping acceleration scheme 1
[    21.100] (**) Mouse0: (accel) acceleration profile 0
[    21.100] (**) Mouse0: (accel) acceleration factor: 2.000
[    21.100] (**) Mouse0: (accel) acceleration threshold: 4
[    21.104] (II) Using input driver 'kbd' for '<default keyboard>'
[    21.104] (**) Option "CoreKeyboard" "on"
[    21.105] (**) <default keyboard>: always reports core events
[    21.105] (**) <default keyboard>: always reports core events
[    21.105] (**) Option "Protocol" "standard"
[    21.105] (**) Option "XkbRules" "base"
[    21.105] (**) Option "XkbModel" "pc105"
[    21.105] (**) Option "XkbLayout" "us"
[    21.105] (II) XINPUT: Adding extended input device "<default keyboard>" (type: KEYBOARD, id 7)
