[    22.381] 
X.Org X Server 1.21.1.8
X Protocol Version 11, Revision 0
[    22.381] Current Operating System: NetBSD neutron.jmcunx.com 10.0_BETA NetBSD 10.0_BETA (GENERIC) #0: Tue Apr 25 16:17:59 UTC 2023  mkrepro@mkrepro.NetBSD.org:/usr/src/sys/arch/amd64/compile/GENERIC amd64
[    22.381]  
[    22.400] Current version of pixman: 0.38.4
[    22.400] 	Before reporting problems, check http://wiki.x.org
	to make sure that you have the latest version.
[    22.400] Markers: (--) probed, (**) from config file, (==) default setting,
	(++) from command line, (!!) notice, (II) informational,
	(WW) warning, (EE) error, (NI) not implemented, (??) unknown.
[    22.401] (==) Log file: "/var/log/Xorg.0.log", Time: Mon May  1 09:44:22 2023
[    22.440] (==) Using config file: "/etc/X11/xorg.conf"
[    22.463] (==) No Layout section.  Using the first Screen section.
[    22.463] (==) No screen section available. Using defaults.
[    22.463] (**) |-->Screen "Default Screen Section" (0)
[    22.482] (**) |   |-->Monitor "<default monitor>"
[    22.535] (==) No monitor specified for screen "Default Screen Section".
	Using a default monitor configuration.
[    22.535] (==) Automatically adding devices
[    22.535] (==) Automatically enabling devices
[    22.535] (==) Not automatically adding GPU devices
[    22.535] (==) Automatically binding GPU devices
[    22.555] (==) Max clients allowed: 256, resource mask: 0x1fffff
[    22.687] (WW) The directory "/usr/pkg/share/fonts/jmc/" does not exist.
[    22.687] 	Entry deleted from font path.
[    22.687] (WW) `fonts.dir' not found (or not valid) in "/usr/pkg/share/fonts/urw/".
[    22.687] 	Entry deleted from font path.
[    22.687] 	(Run 'mkfontdir' on "/usr/pkg/share/fonts/urw/").
[    22.687] (WW) The directory "/usr/pkg/share/fonts/X11/Type1/" does not exist.
[    22.687] 	Entry deleted from font path.
[    22.687] (WW) The directory "/usr/pkg/share/fonts/X11/75dpi/" does not exist.
[    22.687] 	Entry deleted from font path.
[    22.687] (WW) The directory "/usr/pkg/share/fonts/X11/100dpi/" does not exist.
[    22.687] 	Entry deleted from font path.
[    22.687] (**) FontPath set to:
	/usr/X11R7/lib/X11/fonts/100dpi/,
	/usr/X11R7/lib/X11/fonts/75dpi/,
	/usr/X11R7/lib/X11/fonts/TTF/,
	/usr/X11R7/lib/X11/fonts/Type1/,
	/usr/X11R7/lib/X11/fonts/misc/,
	/usr/pkg/share/fonts/X11/TTF/,
	/usr/pkg/share/fonts/X11/misc/,
	/usr/X11R7/lib/X11/fonts/misc/,
	/usr/X11R7/lib/X11/fonts/TTF/,
	/usr/X11R7/lib/X11/fonts/Type1/,
	/usr/X11R7/lib/X11/fonts/75dpi/,
	/usr/X11R7/lib/X11/fonts/100dpi/,
	/usr/pkg/share/fonts/X11/misc/,
	/usr/pkg/share/fonts/X11/TTF/
[    22.687] (**) ModulePath set to "/usr/X11R7/lib/modules"
[    22.687] (II) The server relies on wscons to provide the list of input devices.
	If no devices become available, reconfigure wscons or disable AutoAddDevices.
[    22.688] (II) Loader magic: 0x1a34687a0
[    22.688] (II) Module ABI versions:
[    22.688] 	X.Org ANSI C Emulation: 0.4
[    22.688] 	X.Org Video Driver: 25.2
[    22.688] 	X.Org XInput driver : 24.4
[    22.688] 	X.Org Server Extension : 10.0
[    22.714] (--) PCI:*(0@0:2:0) 8086:0126:17aa:21ce rev 9, Mem @ 0xf0000000/4194304, 0xe0000000/268435456, I/O @ 0x00004000/64
[    22.715] (II) LoadModule: "glx"
[    22.781] (II) Loading /usr/X11R7/lib/modules/extensions/libglx.so
[    22.939] (II) Module glx: vendor="X.Org Foundation"
[    22.939] 	compiled for 1.21.1.8, module version = 1.0.0
[    22.939] 	ABI class: X.Org Server Extension, version 10.0
[    22.991] (==) Matched intel as autoconfigured driver 0
[    22.991] (==) Matched modesetting as autoconfigured driver 1
[    22.991] (==) Matched vesa as autoconfigured driver 2
[    22.991] (==) Matched wsfb as autoconfigured driver 3
[    22.991] (==) Assigned the driver to the xf86ConfigLayout
[    22.991] (II) LoadModule: "intel"
[    22.992] (II) Loading /usr/X11R7/lib/modules/drivers/intel_drv.so
[    23.194] (II) Module intel: vendor="X.Org Foundation"
[    23.194] 	compiled for 1.21.1.8, module version = 2.99.917
[    23.194] 	Module class: X.Org Video Driver
[    23.194] 	ABI class: X.Org Video Driver, version 25.2
[    23.323] (II) LoadModule: "modesetting"
[    23.358] (II) Loading /usr/X11R7/lib/modules/drivers/modesetting_drv.so
[    23.417] (II) Module modesetting: vendor="X.Org Foundation"
[    23.417] 	compiled for 1.21.1.8, module version = 1.21.1
[    23.417] 	Module class: X.Org Video Driver
[    23.417] 	ABI class: X.Org Video Driver, version 25.2
[    23.417] (II) LoadModule: "vesa"
[    23.418] (II) Loading /usr/X11R7/lib/modules/drivers/vesa_drv.so
[    23.478] (II) Module vesa: vendor="X.Org Foundation"
[    23.478] 	compiled for 1.21.1.8, module version = 2.5.0
[    23.478] 	Module class: X.Org Video Driver
[    23.478] 	ABI class: X.Org Video Driver, version 25.2
[    23.478] (II) LoadModule: "wsfb"
[    23.479] (II) Loading /usr/X11R7/lib/modules/drivers/wsfb_drv.so
[    23.480] (II) Module wsfb: vendor="X.Org Foundation"
[    23.480] 	compiled for 1.21.1.8, module version = 0.4.0
[    23.480] 	ABI class: X.Org Video Driver, version 25.2
[    23.480] (II) intel: Driver for Intel(R) Integrated Graphics Chipsets:
	i810, i810-dc100, i810e, i815, i830M, 845G, 854, 852GM/855GM, 865G,
	915G, E7221 (i915), 915GM, 945G, 945GM, 945GME, Pineview GM,
	Pineview G, 965G, G35, 965Q, 946GZ, 965GM, 965GME/GLE, G33, Q35, Q33,
	GM45, 4 Series, G45/G43, Q45/Q43, G41, B43
[    23.501] (II) intel: Driver for Intel(R) HD Graphics
[    23.501] (II) intel: Driver for Intel(R) Iris(TM) Graphics
[    23.501] (II) intel: Driver for Intel(R) Iris(TM) Pro Graphics
[    23.501] (II) modesetting: Driver for Modesetting Kernel Drivers: kms
[    23.502] (II) VESA: driver for VESA chipsets: vesa
[    23.502] (II) wsfb: driver for wsdisplay framebuffer: wsfb
[    23.502] (--) Using wscons driver on /dev/ttyE4 in pcvt compatibility mode (version 3.32)
[    23.502] (--) using VT number 5
[    23.593] (II) intel(0): Using Kernel Mode Setting driver: i915, version 1.6.0 20200114
[    23.606] (WW) Falling back to old probe method for modesetting
[    23.606] (WW) Falling back to old probe method for wsfb
[    23.606] (WW) VGA arbiter: cannot open kernel arbiter, no multi-card support
[    23.606] (--) intel(0): Integrated Graphics Chipset: Intel(R) HD Graphics 3000
[    23.606] (--) intel(0): CPU: x86-64, sse2, sse3, ssse3, sse4.1, sse4.2, avx; using a maximum of 2 threads
[    23.606] (II) intel(0): Creating default Display subsection in Screen section
	"Default Screen Section" for depth/fbbpp 24/32
[    23.606] (==) intel(0): Depth 24, (--) framebuffer bpp 32
[    23.606] (==) intel(0): RGB weight 888
[    23.606] (==) intel(0): Default visual is TrueColor
[    23.727] (II) intel(0): Output LVDS1 using monitor section LVDS1
[    23.727] (**) intel(0): Option "PreferredMode" "1368x768"
[    23.762] (II) intel(0): Enabled output LVDS1
[    23.762] (II) intel(0): Output VGA1 using monitor section VGA1
[    23.762] (**) intel(0): Option "PreferredMode" "1920x1080"
[    23.762] (II) intel(0): Enabled output VGA1
[    23.762] (II) intel(0): Output HDMI1 has no monitor section
[    23.762] (II) intel(0): Enabled output HDMI1
[    23.762] (II) intel(0): Output DP1 has no monitor section
[    23.762] (II) intel(0): Enabled output DP1
[    23.762] (II) intel(0): Output HDMI2 has no monitor section
[    23.762] (II) intel(0): Enabled output HDMI2
[    23.762] (II) intel(0): Output HDMI3 has no monitor section
[    23.762] (II) intel(0): Enabled output HDMI3
[    23.762] (II) intel(0): Output DP2 has no monitor section
[    23.762] (II) intel(0): Enabled output DP2
[    23.762] (II) intel(0): Output DP3 has no monitor section
[    23.762] (II) intel(0): Enabled output DP3
[    23.762] (--) intel(0): Using a maximum size of 256x256 for hardware cursors
[    23.762] (II) intel(0): Output VIRTUAL1 has no monitor section
[    23.762] (II) intel(0): Enabled output VIRTUAL1
[    23.799] (II) intel(0): EDID for output LVDS1
[    23.799] (II) intel(0): Manufacturer: AUO  Model: 213e  Serial#: 0
[    23.799] (II) intel(0): Year: 2010  Week: 33
[    23.799] (II) intel(0): EDID Version: 1.4
[    23.800] (II) intel(0): Digital Display Input
[    23.800] (II) intel(0): 6 bits per channel
[    23.800] (II) intel(0): Digital interface is undefined
[    23.800] (II) intel(0): Max Image Size [cm]: horiz.: 31  vert.: 17
[    23.800] (II) intel(0): Gamma: 2.20
[    23.800] (II) intel(0): No DPMS capabilities specified
[    23.800] (II) intel(0): Supported color encodings: RGB 4:4:4 
[    23.800] (II) intel(0): First detailed timing is preferred mode
[    23.800] (II) intel(0): Preferred mode is native pixel format and refresh rate
[    23.800] (II) intel(0): redX: 0.610 redY: 0.350   greenX: 0.320 greenY: 0.560
[    23.800] (II) intel(0): blueX: 0.150 blueY: 0.130   whiteX: 0.313 whiteY: 0.329
[    23.800] (II) intel(0): Manufacturer's mask: 0
[    23.800] (II) intel(0): Supported detailed timing:
[    23.800] (II) intel(0): clock: 110.0 MHz   Image Size:  309 x 174 mm
[    23.800] (II) intel(0): h_active: 1600  h_sync: 1664  h_sync_end 1706 h_blank_end 2010 h_border: 0
[    23.800] (II) intel(0): v_active: 900  v_sync: 903  v_sync_end 906 v_blanking: 912 v_border: 0
[    23.800] (II) intel(0): Supported detailed timing:
[    23.800] (II) intel(0): clock: 73.3 MHz   Image Size:  309 x 174 mm
[    23.800] (II) intel(0): h_active: 1600  h_sync: 1664  h_sync_end 1706 h_blank_end 2010 h_border: 0
[    23.800] (II) intel(0): v_active: 900  v_sync: 903  v_sync_end 906 v_blanking: 912 v_border: 0
[    23.800] (II) intel(0):  AUO
[    23.800] (II) intel(0):  B140RW02 V1
[    23.800] (II) intel(0): EDID (in hex):
[    23.800] (II) intel(0): 	00ffffffffffff0006af3e2100000000
[    23.800] (II) intel(0): 	21140104901f11780261959c59528f26
[    23.800] (II) intel(0): 	21505400000001010101010101010101
[    23.800] (II) intel(0): 	010101010101f82a409a61840c30402a
[    23.800] (II) intel(0): 	330035ae10000018a51c409a61840c30
[    23.800] (II) intel(0): 	402a330035ae10000018000000fe0041
[    23.800] (II) intel(0): 	554f0a202020202020202020000000fe
[    23.800] (II) intel(0): 	004231343052573032205631200a00d0
[    23.800] (II) intel(0): EDID vendor "AUO", prod id 8510
[    23.800] (II) intel(0): Printing DDC gathered Modelines:
[    23.800] (II) intel(0): Modeline "1600x900"x0.0  110.00  1600 1664 1706 2010  900 903 906 912 -hsync -vsync (54.7 kHz eP)
[    23.801] (II) intel(0): Modeline "1600x900"x0.0   73.33  1600 1664 1706 2010  900 903 906 912 -hsync -vsync (36.5 kHz e)
[    23.801] (II) intel(0): Not using default mode "320x240" (doublescan mode not supported)
[    23.801] (II) intel(0): Not using default mode "400x300" (doublescan mode not supported)
[    23.801] (II) intel(0): Not using default mode "400x300" (doublescan mode not supported)
[    23.801] (II) intel(0): Not using default mode "512x384" (doublescan mode not supported)
[    23.801] (II) intel(0): Not using default mode "640x480" (doublescan mode not supported)
[    23.801] (II) intel(0): Not using default mode "640x512" (doublescan mode not supported)
[    23.801] (II) intel(0): Not using default mode "800x600" (doublescan mode not supported)
[    23.801] (II) intel(0): Not using default mode "896x672" (doublescan mode not supported)
[    23.801] (II) intel(0): Not using default mode "928x696" (doublescan mode not supported)
[    23.801] (II) intel(0): Not using default mode "700x525" (doublescan mode not supported)
[    23.801] (II) intel(0): Not using default mode "320x180" (doublescan mode not supported)
[    23.801] (II) intel(0): Not using default mode "320x180" (doublescan mode not supported)
[    23.801] (II) intel(0): Not using default mode "360x202" (doublescan mode not supported)
[    23.801] (II) intel(0): Not using default mode "360x202" (doublescan mode not supported)
[    23.802] (II) intel(0): Not using default mode "432x243" (doublescan mode not supported)
[    23.802] (II) intel(0): Not using default mode "432x243" (doublescan mode not supported)
[    23.802] (II) intel(0): Not using default mode "480x270" (doublescan mode not supported)
[    23.802] (II) intel(0): Not using default mode "480x270" (doublescan mode not supported)
[    23.802] (II) intel(0): Not using default mode "512x288" (doublescan mode not supported)
[    23.802] (II) intel(0): Not using default mode "512x288" (doublescan mode not supported)
[    23.802] (II) intel(0): Not using default mode "640x360" (doublescan mode not supported)
[    23.802] (II) intel(0): Not using default mode "640x360" (doublescan mode not supported)
[    23.802] (II) intel(0): Not using default mode "684x384" (doublescan mode not supported)
[    23.802] (II) intel(0): Not using default mode "684x384" (doublescan mode not supported)
[    23.802] (II) intel(0): Not using default mode "800x450" (doublescan mode not supported)
[    23.802] (II) intel(0): Not using default mode "800x450" (doublescan mode not supported)
[    23.802] (II) intel(0): Not using default mode "960x540" (doublescan mode not supported)
[    23.802] (II) intel(0): Not using default mode "960x540" (doublescan mode not supported)
[    23.802] (II) intel(0): Not using default mode "1024x576" (doublescan mode not supported)
[    23.802] (II) intel(0): Not using default mode "1024x576" (doublescan mode not supported)
[    23.802] (II) intel(0): Not using default mode "640x400" (doublescan mode not supported)
[    23.802] (II) intel(0): Not using default mode "640x400" (doublescan mode not supported)
[    23.802] (II) intel(0): Not using default mode "700x450" (doublescan mode not supported)
[    23.802] (II) intel(0): Not using default mode "700x450" (doublescan mode not supported)
[    23.802] (II) intel(0): Not using default mode "840x525" (doublescan mode not supported)
[    23.802] (II) intel(0): Not using default mode "840x525" (doublescan mode not supported)
[    23.802] (II) intel(0): Not using default mode "960x600" (doublescan mode not supported)
[    23.802] (II) intel(0): Not using default mode "960x600" (doublescan mode not supported)
[    23.802] (II) intel(0): Printing probed modes for output LVDS1
[    23.802] (II) intel(0): Modeline "1368x768"x60.0   85.86  1368 1440 1584 1800  768 769 772 795 -hsync +vsync (47.7 kHz UP)
[    23.802] (II) intel(0): Modeline "1600x900"x60.0  110.00  1600 1664 1706 2010  900 903 906 912 -hsync -vsync (54.7 kHz eP)
[    23.802] (II) intel(0): Modeline "1600x900"x59.8   97.50  1600 1648 1680 1760  900 903 908 926 +hsync -vsync (55.4 kHz d)
[    23.802] (II) intel(0): Modeline "1600x900"x40.0   73.33  1600 1664 1706 2010  900 903 906 912 -hsync -vsync (36.5 kHz e)
[    23.802] (II) intel(0): Modeline "1400x900"x60.0  103.50  1400 1480 1624 1848  900 903 913 934 -hsync +vsync (56.0 kHz d)
[    23.802] (II) intel(0): Modeline "1400x900"x59.9   86.50  1400 1448 1480 1560  900 903 913 926 +hsync -vsync (55.4 kHz d)
[    23.802] (II) intel(0): Modeline "1368x768"x59.9   85.25  1368 1440 1576 1784  768 771 781 798 -hsync +vsync (47.8 kHz d)
[    23.802] (II) intel(0): Modeline "1368x768"x59.9   72.25  1368 1416 1448 1528  768 771 781 790 +hsync -vsync (47.3 kHz d)
[    23.802] (II) intel(0): Modeline "1280x800"x59.8   83.50  1280 1352 1480 1680  800 803 809 831 -hsync +vsync (49.7 kHz d)
[    23.802] (II) intel(0): Modeline "1280x800"x59.9   71.00  1280 1328 1360 1440  800 803 809 823 +hsync -vsync (49.3 kHz d)
[    23.802] (II) intel(0): Modeline "1280x720"x59.9   74.50  1280 1344 1472 1664  720 723 728 748 -hsync +vsync (44.8 kHz d)
[    23.803] (II) intel(0): Modeline "1280x720"x60.0   74.48  1280 1336 1472 1664  720 721 724 746 -hsync +vsync (44.8 kHz)
[    23.803] (II) intel(0): Modeline "1280x720"x59.7   63.75  1280 1328 1360 1440  720 723 728 741 +hsync -vsync (44.3 kHz d)
[    23.803] (II) intel(0): Modeline "1024x768"x60.0   65.00  1024 1048 1184 1344  768 771 777 806 -hsync -vsync (48.4 kHz d)
[    23.803] (II) intel(0): Modeline "1024x576"x60.0   46.99  1024 1064 1168 1312  576 577 580 597 -hsync +vsync (35.8 kHz)
[    23.803] (II) intel(0): Modeline "1024x576"x59.9   46.50  1024 1064 1160 1296  576 579 584 599 -hsync +vsync (35.9 kHz d)
[    23.803] (II) intel(0): Modeline "1024x576"x59.8   42.00  1024 1072 1104 1184  576 579 584 593 +hsync -vsync (35.5 kHz d)
[    23.803] (II) intel(0): Modeline "960x540"x60.0   40.78  960 992 1088 1216  540 541 544 559 -hsync +vsync (33.5 kHz)
[    23.803] (II) intel(0): Modeline "960x540"x59.6   40.75  960 992 1088 1216  540 543 548 562 -hsync +vsync (33.5 kHz d)
[    23.803] (II) intel(0): Modeline "960x540"x59.8   37.25  960 1008 1040 1120  540 543 548 556 +hsync -vsync (33.3 kHz d)
[    23.803] (II) intel(0): Modeline "800x600"x60.3   40.00  800 840 968 1056  600 601 605 628 +hsync +vsync (37.9 kHz d)
[    23.803] (II) intel(0): Modeline "800x600"x56.2   36.00  800 824 896 1024  600 601 603 625 +hsync +vsync (35.2 kHz d)
[    23.803] (II) intel(0): Modeline "864x486"x60.0   32.90  864 888 976 1088  486 487 490 504 -hsync +vsync (30.2 kHz)
[    23.803] (II) intel(0): Modeline "864x486"x59.9   32.50  864 888 968 1072  486 489 494 506 -hsync +vsync (30.3 kHz d)
[    23.803] (II) intel(0): Modeline "864x486"x59.6   30.50  864 912 944 1024  486 489 494 500 +hsync -vsync (29.8 kHz d)
[    23.803] (II) intel(0): Modeline "800x450"x60.0   27.74  800 816 896 992  450 451 454 466 -hsync +vsync (28.0 kHz)
[    23.803] (II) intel(0): Modeline "640x480"x59.9   25.18  640 656 752 800  480 490 492 525 -hsync -vsync (31.5 kHz d)
[    23.803] (II) intel(0): Modeline "720x405"x59.5   22.50  720 744 808 896  405 408 413 422 -hsync +vsync (25.1 kHz d)
[    23.803] (II) intel(0): Modeline "720x405"x60.0   22.18  720 728 800 880  405 406 409 420 -hsync +vsync (25.2 kHz)
[    23.803] (II) intel(0): Modeline "720x405"x59.0   21.75  720 768 800 880  405 408 413 419 +hsync -vsync (24.7 kHz d)
[    23.803] (II) intel(0): Modeline "640x360"x59.8   18.00  640 664 720 800  360 363 368 376 -hsync +vsync (22.5 kHz d)
[    23.803] (II) intel(0): Modeline "640x360"x59.3   17.75  640 688 720 800  360 363 368 374 +hsync -vsync (22.2 kHz d)
[    23.803] (II) intel(0): Modeline "640x360"x60.0   17.19  640 640 704 768  360 361 364 373 -hsync +vsync (22.4 kHz)
[    23.803] (II) intel(0): EDID for output DP1
[    23.803] (II) intel(0): EDID for output DP2
[    23.803] (II) intel(0): EDID for output DP3
[    24.312] (II) intel(0): EDID for output HDMI1
[    24.315] (II) intel(0): EDID for output HDMI2
[    24.318] (II) intel(0): EDID for output HDMI3
[    24.332] (II) intel(0): EDID for output VGA1
[    24.332] (II) intel(0): Manufacturer: ACR  Model: 480  Serial#: 1938840980
[    24.332] (II) intel(0): Year: 2017  Week: 39
[    24.332] (II) intel(0): EDID Version: 1.3
[    24.332] (II) intel(0): Analog Display Input,  Input Voltage Level: 0.700/0.700 V
[    24.332] (II) intel(0): Sync:  Separate
[    24.332] (II) intel(0): Max Image Size [cm]: horiz.: 60  vert.: 34
[    24.332] (II) intel(0): Gamma: 2.20
[    24.332] (II) intel(0): DPMS capabilities: StandBy Suspend; RGB/Color Display
[    24.332] (II) intel(0): First detailed timing is preferred mode
[    24.332] (II) intel(0): redX: 0.645 redY: 0.329   greenX: 0.314 greenY: 0.619
[    24.332] (II) intel(0): blueX: 0.153 blueY: 0.063   whiteX: 0.312 whiteY: 0.328
[    24.332] (II) intel(0): Supported established timings:
[    24.332] (II) intel(0): 720x400@70Hz
[    24.332] (II) intel(0): 640x480@60Hz
[    24.332] (II) intel(0): 640x480@67Hz
[    24.332] (II) intel(0): 640x480@72Hz
[    24.332] (II) intel(0): 640x480@75Hz
[    24.332] (II) intel(0): 800x600@56Hz
[    24.332] (II) intel(0): 800x600@60Hz
[    24.332] (II) intel(0): 800x600@72Hz
[    24.332] (II) intel(0): 800x600@75Hz
[    24.332] (II) intel(0): 832x624@75Hz
[    24.332] (II) intel(0): 1024x768@60Hz
[    24.332] (II) intel(0): 1024x768@70Hz
[    24.332] (II) intel(0): 1024x768@75Hz
[    24.332] (II) intel(0): 1280x1024@75Hz
[    24.332] (II) intel(0): 1152x864@75Hz
[    24.332] (II) intel(0): Manufacturer's mask: 0
[    24.332] (II) intel(0): Supported standard timings:
[    24.332] (II) intel(0): #0: hsize: 1152  vsize 864  refresh: 75  vid: 20337
[    24.332] (II) intel(0): #1: hsize: 1280  vsize 960  refresh: 60  vid: 16513
[    24.332] (II) intel(0): #2: hsize: 1280  vsize 1024  refresh: 60  vid: 32897
[    24.332] (II) intel(0): #3: hsize: 1280  vsize 720  refresh: 60  vid: 49281
[    24.332] (II) intel(0): #4: hsize: 1280  vsize 800  refresh: 60  vid: 129
[    24.332] (II) intel(0): #5: hsize: 1440  vsize 900  refresh: 60  vid: 149
[    24.332] (II) intel(0): #6: hsize: 1680  vsize 1050  refresh: 60  vid: 179
[    24.332] (II) intel(0): #7: hsize: 1920  vsize 1080  refresh: 60  vid: 49361
[    24.332] (II) intel(0): Supported detailed timing:
[    24.332] (II) intel(0): clock: 148.5 MHz   Image Size:  598 x 336 mm
[    24.332] (II) intel(0): h_active: 1920  h_sync: 2008  h_sync_end 2052 h_blank_end 2200 h_border: 0
[    24.333] (II) intel(0): v_active: 1080  v_sync: 1084  v_sync_end 1089 v_blanking: 1125 v_border: 0
[    24.333] (II) intel(0): Ranges: V min: 56 V max: 76 Hz, H min: 31 H max: 83 kHz, PixClock max 175 MHz
[    24.333] (II) intel(0): Monitor name: V276HL
[    24.333] (II) intel(0): Serial No: T4JAA0028561
[    24.333] (II) intel(0): EDID (in hex):
[    24.333] (II) intel(0): 	00ffffffffffff0004728004945d9073
[    24.333] (II) intel(0): 	271b0103683c2278ca1a50a554509e27
[    24.333] (II) intel(0): 	105054bfef80714f8140818081c08100
[    24.333] (II) intel(0): 	9500b300d1c0023a801871382d40582c
[    24.333] (II) intel(0): 	450056502100001e000000fd00384c1f
[    24.333] (II) intel(0): 	5311000a202020202020000000fc0056
[    24.333] (II) intel(0): 	323736484c0a202020202020000000ff
[    24.333] (II) intel(0): 	0054344a4141303032383536310a00db
[    24.333] (II) intel(0): Printing probed modes for output VGA1
[    24.333] (II) intel(0): Modeline "1920x1080"x60.0  148.50  1920 2008 2052 2200  1080 1084 1089 1125 +hsync +vsync (67.5 kHz UeP)
[    24.333] (II) intel(0): Modeline "1680x1050"x60.0  146.25  1680 1784 1960 2240  1050 1053 1059 1089 -hsync +vsync (65.3 kHz e)
[    24.333] (II) intel(0): Modeline "1280x1024"x75.0  135.00  1280 1296 1440 1688  1024 1025 1028 1066 +hsync +vsync (80.0 kHz e)
[    24.333] (II) intel(0): Modeline "1280x1024"x60.0  108.00  1280 1328 1440 1688  1024 1025 1028 1066 +hsync +vsync (64.0 kHz e)
[    24.333] (II) intel(0): Modeline "1440x900"x60.0  106.50  1440 1520 1672 1904  900 903 909 934 -hsync +vsync (55.9 kHz e)
[    24.333] (II) intel(0): Modeline "1280x960"x60.0  108.00  1280 1376 1488 1800  960 961 964 1000 +hsync +vsync (60.0 kHz e)
[    24.333] (II) intel(0): Modeline "1280x800"x60.0   83.50  1280 1352 1480 1680  800 803 809 831 -hsync +vsync (49.7 kHz e)
[    24.333] (II) intel(0): Modeline "1152x864"x75.0  108.00  1152 1216 1344 1600  864 865 868 900 +hsync +vsync (67.5 kHz e)
[    24.333] (II) intel(0): Modeline "1280x720"x60.0   74.25  1280 1390 1430 1650  720 725 730 750 +hsync +vsync (45.0 kHz e)
[    24.333] (II) intel(0): Modeline "1024x768"x75.0   78.75  1024 1040 1136 1312  768 769 772 800 +hsync +vsync (60.0 kHz e)
[    24.333] (II) intel(0): Modeline "1024x768"x70.0   75.00  1024 1048 1184 1328  768 771 777 806 -hsync -vsync (56.5 kHz e)
[    24.333] (II) intel(0): Modeline "1024x768"x60.0   65.00  1024 1048 1184 1344  768 771 777 806 -hsync -vsync (48.4 kHz e)
[    24.333] (II) intel(0): Modeline "832x624"x75.0   57.28  832 864 928 1152  624 625 628 667 -hsync -vsync (49.7 kHz e)
[    24.333] (II) intel(0): Modeline "800x600"x72.0   50.00  800 856 976 1040  600 637 643 666 +hsync +vsync (48.1 kHz e)
[    24.333] (II) intel(0): Modeline "800x600"x75.0   49.50  800 816 896 1056  600 601 604 625 +hsync +vsync (46.9 kHz e)
[    24.333] (II) intel(0): Modeline "800x600"x60.0   40.00  800 840 968 1056  600 601 605 628 +hsync +vsync (37.9 kHz e)
[    24.333] (II) intel(0): Modeline "800x600"x56.0   36.00  800 824 896 1024  600 601 603 625 +hsync +vsync (35.2 kHz e)
[    24.333] (II) intel(0): Modeline "640x480"x75.0   31.50  640 656 720 840  480 481 484 500 -hsync -vsync (37.5 kHz e)
[    24.333] (II) intel(0): Modeline "640x480"x73.0   31.50  640 664 704 832  480 489 492 520 -hsync -vsync (37.9 kHz e)
[    24.333] (II) intel(0): Modeline "640x480"x67.0   30.24  640 704 768 864  480 483 486 525 -hsync -vsync (35.0 kHz e)
[    24.333] (II) intel(0): Modeline "640x480"x60.0   25.18  640 656 752 800  480 490 492 525 -hsync -vsync (31.5 kHz e)
[    24.334] (II) intel(0): Modeline "720x400"x70.0   28.32  720 738 846 900  400 412 414 449 -hsync +vsync (31.5 kHz e)
[    24.334] (II) intel(0): EDID for output VIRTUAL1
[    24.341] (II) intel(0): Output LVDS1 connected
[    24.341] (II) intel(0): Output DP1 disconnected
[    24.341] (II) intel(0): Output DP2 disconnected
[    24.341] (II) intel(0): Output DP3 disconnected
[    24.341] (II) intel(0): Output HDMI1 disconnected
[    24.341] (II) intel(0): Output HDMI2 disconnected
[    24.341] (II) intel(0): Output HDMI3 disconnected
[    24.341] (II) intel(0): Output VGA1 connected
[    24.341] (II) intel(0): Output VIRTUAL1 disconnected
[    24.341] (II) intel(0): Using user preference for initial modes
[    24.341] (II) intel(0): Output LVDS1 using initial mode 1368x768 +0+0
[    24.341] (II) intel(0): Output VGA1 using initial mode 1920x1080 +0+0
[    24.341] (==) intel(0): TearFree enabled
[    24.341] (==) intel(0): Using gamma correction (1.0, 1.0, 1.0)
[    24.341] (**) intel(0): Display dimensions: (310, 170) mm
[    24.341] (**) intel(0): DPI set to (157, 161)
[    24.341] (II) Loading sub module "dri2"
[    24.341] (II) LoadModule: "dri2"
[    24.341] (II) Module "dri2" already built-in
[    24.341] (II) UnloadModule: "modesetting"
[    24.341] (II) Unloading modesetting
[    24.341] (II) UnloadModule: "vesa"
[    24.341] (II) Unloading vesa
[    24.341] (II) UnloadModule: "wsfb"
[    24.342] (II) Unloading wsfb
[    24.706] (II) intel(0): SNA initialized with Sandybridge (gen6, gt2) backend
[    24.706] (==) intel(0): Backing store enabled
[    24.706] (==) intel(0): Silken mouse enabled
[    24.754] (II) intel(0): HW Cursor enabled
[    24.942] (==) intel(0): DPMS enabled
[    25.045] (II) intel(0): [DRI2] Setup complete
[    25.046] (II) intel(0): [DRI2]   DRI driver: i965
[    25.046] (II) intel(0): [DRI2]   VDPAU driver: va_gl
[    25.046] (II) intel(0): direct rendering: DRI2 enabled
[    25.046] (II) Initializing extension Generic Event Extension
[    25.046] (II) Initializing extension SHAPE
[    25.047] (II) Initializing extension MIT-SHM
[    25.048] (II) Initializing extension XInputExtension
[    25.129] (II) Initializing extension XTEST
[    25.130] (II) Initializing extension BIG-REQUESTS
[    25.131] (II) Initializing extension SYNC
[    25.132] (II) Initializing extension XKEYBOARD
[    25.149] (II) Initializing extension XC-MISC
[    25.149] (II) Initializing extension SECURITY
[    25.170] (II) Initializing extension XFIXES
[    25.186] (II) Initializing extension XFree86-Bigfont
[    25.187] (II) Initializing extension RENDER
[    25.188] (II) Initializing extension RANDR
[    25.190] (II) Initializing extension COMPOSITE
[    25.190] (II) Initializing extension DAMAGE
[    25.191] (II) Initializing extension MIT-SCREEN-SAVER
[    25.211] (II) Initializing extension DOUBLE-BUFFER
[    25.231] (II) Initializing extension RECORD
[    25.232] (II) Initializing extension DPMS
[    25.233] (II) Initializing extension Present
[    25.283] (II) Initializing extension DRI3
[    25.283] (II) Initializing extension X-Resource
[    25.284] (II) Initializing extension XVideo
[    25.285] (II) Initializing extension XVideo-MotionCompensation
[    25.285] (II) Initializing extension GLX
[    27.355] (II) AIGLX: Loaded and initialized i965
[    27.355] (II) GLX: Initialized DRI2 GL provider for screen 0
[    27.355] (II) Initializing extension XFree86-VidModeExtension
[    27.356] (II) Initializing extension XFree86-DGA
[    27.357] (II) Initializing extension XFree86-DRI
[    27.383] (II) Initializing extension DRI2
[    27.499] (II) intel(0): switch to mode 1368x768@60.0 on LVDS1 using pipe 0, position (0, 0), rotation normal, reflection none
[    27.514] (II) intel(0): switch to mode 1920x1080@60.0 on VGA1 using pipe 1, position (0, 0), rotation normal, reflection none
[    27.524] (II) intel(0): Setting screen physical size to 508 x 285
[    30.102] (II) config/wscons: checking input device /dev/wskbd
[    30.102] (II) wskbd: using layout us
[    30.102] (II) LoadModule: "kbd"
[    30.102] (II) Loading /usr/X11R7/lib/modules/drivers/kbd_drv.so
[    30.146] (II) Module kbd: vendor="X.Org Foundation"
[    30.146] 	compiled for 1.21.1.8, module version = 2.0.0
[    30.146] 	Module class: X.Org XInput Driver
[    30.146] 	ABI class: X.Org XInput driver, version 24.4
[    30.146] (II) Using input driver 'kbd' for '/dev/wskbd'
[    30.146] (**) /dev/wskbd: always reports core events
[    30.146] (**) /dev/wskbd: always reports core events
[    30.146] (**) Option "Protocol" "standard"
[    30.146] (**) Option "XkbRules" "base"
[    30.146] (**) Option "XkbModel" "pc105"
[    30.146] (**) Option "XkbLayout" "us"
[    30.146] (II) XINPUT: Adding extended input device "/dev/wskbd" (type: KEYBOARD, id 6)
[    30.215] (II) config/wscons: checking input device /dev/wsmouse
[    30.215] (II) LoadModule: "ws"
[    30.216] (II) Loading /usr/X11R7/lib/modules/drivers/ws_drv.so
[    30.228] (II) Module ws: vendor="X.Org Foundation"
[    30.228] 	compiled for 1.21.1.8, module version = 1.3.0
[    30.228] 	Module class: X.Org XInput Driver
[    30.228] 	ABI class: X.Org XInput driver, version 24.4
[    30.228] (II) Using input driver 'ws' for '/dev/wsmouse'
[    30.228] (**) /dev/wsmouse: always reports core events
[    30.228] (II) /dev/wsmouse: debuglevel 0
[    30.228] (**) /dev/wsmouse: ZAxisMapping: buttons 4 and 5
[    30.228] (**) /dev/wsmouse associated screen: 0
[    30.228] (**) Option "Device" "/dev/wsmouse"
[    30.236] (II) /dev/wsmouse minimum x position: 0
[    30.236] (II) /dev/wsmouse maximum x position: 1919
[    30.236] (II) /dev/wsmouse minimum y position: 0
[    30.236] (II) /dev/wsmouse maximum y position: 1079
[    30.236] (**) /dev/wsmouse: Buttons: 5
[    30.241] (II) XINPUT: Adding extended input device "/dev/wsmouse" (type: MOUSE, id 7)
[    30.245] (**) /dev/wsmouse: (accel) keeping acceleration scheme 1
[    30.245] (**) /dev/wsmouse: (accel) acceleration profile 0
[    30.245] (**) /dev/wsmouse: (accel) acceleration factor: 2.000
[    30.245] (**) /dev/wsmouse: (accel) acceleration threshold: 4
